#
# There is insufficient memory for the Java Runtime Environment to continue.
# Native memory allocation (malloc) failed to allocate 1036576 bytes for Chunk::new
# Possible reasons:
#   The system is out of physical RAM or swap space
#   In 32 bit mode, the process size limit was hit
# Possible solutions:
#   Reduce memory load on the system
#   Increase physical memory or swap space
#   Check if swap backing store is full
#   Use 64 bit Java on a 64 bit OS
#   Decrease Java heap size (-Xmx/-Xms)
#   Decrease number of Java threads
#   Decrease Java thread stack sizes (-Xss)
#   Set larger code cache with -XX:ReservedCodeCacheSize=
# This output file may be truncated or incomplete.
#
#  Out of Memory Error (allocation.cpp:388), pid=10424, tid=768
#
# JRE version: Java(TM) SE Runtime Environment (8.0_05-b13) (build 1.8.0_05-b13)
# Java VM: Java HotSpot(TM) 64-Bit Server VM (25.5-b02 mixed mode windows-amd64 compressed oops)
# Failed to write core dump. Minidumps are not enabled by default on client versions of Windows
#

---------------  T H R E A D  ---------------

Current thread (0x0000000015432800):  JavaThread "C2 CompilerThread0" daemon [_thread_in_native, id=768, stack(0x0000000016fc0000,0x00000000170c0000)]

Stack: [0x0000000016fc0000,0x00000000170c0000]
Native frames: (J=compiled Java code, j=interpreted, Vv=VM code, C=native code)
V  [jvm.dll+0x308dea]
V  [jvm.dll+0x25def1]
V  [jvm.dll+0x25eb0f]
V  [jvm.dll+0x2564e5]
V  [jvm.dll+0xbcfc5]
V  [jvm.dll+0xbd45c]
V  [jvm.dll+0x44d422]
V  [jvm.dll+0x48e13f]
V  [jvm.dll+0x44293e]
V  [jvm.dll+0x44366b]
V  [jvm.dll+0x427532]
V  [jvm.dll+0x96702]
V  [jvm.dll+0x96ef3]
V  [jvm.dll+0x2232c4]
V  [jvm.dll+0x27baca]
C  [msvcr100.dll+0x21d9f]
C  [msvcr100.dll+0x21e3b]
C  [KERNEL32.DLL+0x17bd4]
C  [ntdll.dll+0x6ce51]


Current CompileTask:
C2:   4984 1335   !   4       java.net.URL::<init> (543 bytes)


---------------  P R O C E S S  ---------------

Java Threads: ( => current thread )
  0x000000001544d800 JavaThread "Service Thread" daemon [_thread_blocked, id=13296, stack(0x00000000176c0000,0x00000000177c0000)]
  0x000000001543a800 JavaThread "C1 CompilerThread2" daemon [_thread_blocked, id=6768, stack(0x00000000171c0000,0x00000000172c0000)]
  0x0000000015436000 JavaThread "C2 CompilerThread1" daemon [_thread_in_native, id=12332, stack(0x00000000170c0000,0x00000000171c0000)]
=>0x0000000015432800 JavaThread "C2 CompilerThread0" daemon [_thread_in_native, id=768, stack(0x0000000016fc0000,0x00000000170c0000)]
  0x000000001542e800 JavaThread "Attach Listener" daemon [_thread_blocked, id=1196, stack(0x0000000016ec0000,0x0000000016fc0000)]
  0x000000001542d800 JavaThread "Signal Dispatcher" daemon [_thread_blocked, id=8944, stack(0x0000000016dc0000,0x0000000016ec0000)]
  0x0000000002cb5800 JavaThread "Finalizer" daemon [_thread_blocked, id=2704, stack(0x0000000016cc0000,0x0000000016dc0000)]
  0x0000000002cac800 JavaThread "Reference Handler" daemon [_thread_blocked, id=1372, stack(0x0000000016bc0000,0x0000000016cc0000)]
  0x0000000002bc0800 JavaThread "main" [_thread_in_native, id=6192, stack(0x0000000002a20000,0x0000000002b20000)]

Other Threads:
  0x00000000153f7800 VMThread [stack: 0x0000000016ac0000,0x0000000016bc0000] [id=7720]
  0x0000000017327000 WatcherThread [stack: 0x00000000177c0000,0x00000000178c0000] [id=11920]

VM state:not at safepoint (normal execution)

VM Mutex/Monitor currently owned by a thread: None

Heap:
 PSYoungGen      total 14336K, used 7769K [0x00000000eb980000, 0x00000000ece80000, 0x0000000100000000)
  eden space 10752K, 53% used [0x00000000eb980000,0x00000000ebf17fa0,0x00000000ec400000)
  from space 3584K, 56% used [0x00000000ecb00000,0x00000000eccfe588,0x00000000ece80000)
  to   space 1536K, 0% used [0x00000000ec400000,0x00000000ec400000,0x00000000ec580000)
 ParOldGen       total 61952K, used 8466K [0x00000000c2c00000, 0x00000000c6880000, 0x00000000eb980000)
  object space 61952K, 13% used [0x00000000c2c00000,0x00000000c3444af0,0x00000000c6880000)
 Metaspace       used 14781K, capacity 15002K, committed 15232K, reserved 1062912K
  class space    used 1843K, capacity 1913K, committed 1920K, reserved 1048576K

Card table byte_map: [0x0000000012080000,0x0000000012270000] byte_map_base: 0x0000000011a6a000

Marking Bits: (ParMarkBitMap*) 0x00000000580b13b0
 Begin Bits: [0x00000000129c0000, 0x0000000013910000)
 End Bits:   [0x0000000013910000, 0x0000000014860000)

Polling page: 0x0000000000be0000

CodeCache: size=245760Kb used=5680Kb max_used=5680Kb free=240079Kb
 bounds [0x0000000002cc0000, 0x0000000003260000, 0x0000000011cc0000]
 total_blobs=2177 nmethods=1812 adapters=276
 compilation: disabled (not enough contiguous free space left)

Compilation events (10 events):
Event: 4.334 Thread 0x000000001543a800 nmethod 1496 0x00000000031a9190 code [0x00000000031a9300, 0x00000000031a94f0]
Event: 4.334 Thread 0x000000001543a800 1497       3       org.eclipse.sisu.inject.MildElements::add (66 bytes)
Event: 4.334 Thread 0x000000001543a800 nmethod 1497 0x00000000031a95d0 code [0x00000000031a97e0, 0x00000000031aa3b8]
Event: 4.334 Thread 0x000000001543a800 1500       3       com.google.common.collect.CompactLinkedHashMap::getSuccessor (8 bytes)
Event: 4.334 Thread 0x000000001543a800 nmethod 1500 0x00000000031aa910 code [0x00000000031aaa60, 0x00000000031aabd0]
Event: 4.334 Thread 0x000000001543a800 1498       1       com.google.inject.spi.TypeListenerBinding::getListener (5 bytes)
Event: 4.334 Thread 0x000000001543a800 nmethod 1498 0x00000000031aacd0 code [0x00000000031aae20, 0x00000000031aaf30]
Event: 4.334 Thread 0x000000001543a800 1499       1       com.google.inject.spi.TypeListenerBinding::getTypeMatcher (5 bytes)
Event: 4.334 Thread 0x000000001543a800 nmethod 1499 0x00000000031aaf90 code [0x00000000031ab0e0, 0x00000000031ab1f0]
Event: 4.335 Thread 0x0000000015436000 nmethod 1491 0x00000000031ae2d0 code [0x00000000031ae480, 0x00000000031ae8b0]

GC Heap History (10 events):
Event: 3.453 GC heap before
{Heap before GC invocations=16 (full 0):
 PSYoungGen      total 6144K, used 5708K [0x00000000eb980000, 0x00000000ec380000, 0x0000000100000000)
  eden space 5120K, 100% used [0x00000000eb980000,0x00000000ebe80000,0x00000000ebe80000)
  from space 1024K, 57% used [0x00000000ebe80000,0x00000000ebf13210,0x00000000ebf80000)
  to   space 1024K, 0% used [0x00000000ec280000,0x00000000ec280000,0x00000000ec380000)
 ParOldGen       total 61952K, used 2205K [0x00000000c2c00000, 0x00000000c6880000, 0x00000000eb980000)
  object space 61952K, 3% used [0x00000000c2c00000,0x00000000c2e274d0,0x00000000c6880000)
 Metaspace       used 8329K, capacity 8488K, committed 8576K, reserved 1056768K
  class space    used 1023K, capacity 1084K, committed 1152K, reserved 1048576K
Event: 3.454 GC heap after
Heap after GC invocations=16 (full 0):
 PSYoungGen      total 9216K, used 475K [0x00000000eb980000, 0x00000000ec380000, 0x0000000100000000)
  eden space 8192K, 0% used [0x00000000eb980000,0x00000000eb980000,0x00000000ec180000)
  from space 1024K, 46% used [0x00000000ec280000,0x00000000ec2f6d78,0x00000000ec380000)
  to   space 1024K, 0% used [0x00000000ec180000,0x00000000ec180000,0x00000000ec280000)
 ParOldGen       total 61952K, used 2465K [0x00000000c2c00000, 0x00000000c6880000, 0x00000000eb980000)
  object space 61952K, 3% used [0x00000000c2c00000,0x00000000c2e686f0,0x00000000c6880000)
 Metaspace       used 8329K, capacity 8488K, committed 8576K, reserved 1056768K
  class space    used 1023K, capacity 1084K, committed 1152K, reserved 1048576K
}
Event: 3.594 GC heap before
{Heap before GC invocations=17 (full 0):
 PSYoungGen      total 9216K, used 8667K [0x00000000eb980000, 0x00000000ec380000, 0x0000000100000000)
  eden space 8192K, 100% used [0x00000000eb980000,0x00000000ec180000,0x00000000ec180000)
  from space 1024K, 46% used [0x00000000ec280000,0x00000000ec2f6d78,0x00000000ec380000)
  to   space 1024K, 0% used [0x00000000ec180000,0x00000000ec180000,0x00000000ec280000)
 ParOldGen       total 61952K, used 2465K [0x00000000c2c00000, 0x00000000c6880000, 0x00000000eb980000)
  object space 61952K, 3% used [0x00000000c2c00000,0x00000000c2e686f0,0x00000000c6880000)
 Metaspace       used 8915K, capacity 9172K, committed 9472K, reserved 1056768K
  class space    used 1098K, capacity 1182K, committed 1280K, reserved 1048576K
Event: 3.595 GC heap after
Heap after GC invocations=17 (full 0):
 PSYoungGen      total 9216K, used 1000K [0x00000000eb980000, 0x00000000ec800000, 0x0000000100000000)
  eden space 8192K, 0% used [0x00000000eb980000,0x00000000eb980000,0x00000000ec180000)
  from space 1024K, 97% used [0x00000000ec180000,0x00000000ec27a3d0,0x00000000ec280000)
  to   space 1536K, 0% used [0x00000000ec680000,0x00000000ec680000,0x00000000ec800000)
 ParOldGen       total 61952K, used 2792K [0x00000000c2c00000, 0x00000000c6880000, 0x00000000eb980000)
  object space 61952K, 4% used [0x00000000c2c00000,0x00000000c2eba3c0,0x00000000c6880000)
 Metaspace       used 8915K, capacity 9172K, committed 9472K, reserved 1056768K
  class space    used 1098K, capacity 1182K, committed 1280K, reserved 1048576K
}
Event: 3.718 GC heap before
{Heap before GC invocations=18 (full 0):
 PSYoungGen      total 9216K, used 9192K [0x00000000eb980000, 0x00000000ec800000, 0x0000000100000000)
  eden space 8192K, 100% used [0x00000000eb980000,0x00000000ec180000,0x00000000ec180000)
  from space 1024K, 97% used [0x00000000ec180000,0x00000000ec27a3d0,0x00000000ec280000)
  to   space 1536K, 0% used [0x00000000ec680000,0x00000000ec680000,0x00000000ec800000)
 ParOldGen       total 61952K, used 2792K [0x00000000c2c00000, 0x00000000c6880000, 0x00000000eb980000)
  object space 61952K, 4% used [0x00000000c2c00000,0x00000000c2eba3c0,0x00000000c6880000)
 Metaspace       used 9850K, capacity 10048K, committed 10368K, reserved 1058816K
  class space    used 1195K, capacity 1281K, committed 1408K, reserved 1048576K
Event: 3.719 GC heap after
Heap after GC invocations=18 (full 0):
 PSYoungGen      total 13312K, used 1456K [0x00000000eb980000, 0x00000000ec800000, 0x0000000100000000)
  eden space 11776K, 0% used [0x00000000eb980000,0x00000000eb980000,0x00000000ec500000)
  from space 1536K, 94% used [0x00000000ec680000,0x00000000ec7ec090,0x00000000ec800000)
  to   space 1536K, 0% used [0x00000000ec500000,0x00000000ec500000,0x00000000ec680000)
 ParOldGen       total 61952K, used 3103K [0x00000000c2c00000, 0x00000000c6880000, 0x00000000eb980000)
  object space 61952K, 5% used [0x00000000c2c00000,0x00000000c2f07d90,0x00000000c6880000)
 Metaspace       used 9850K, capacity 10048K, committed 10368K, reserved 1058816K
  class space    used 1195K, capacity 1281K, committed 1408K, reserved 1048576K
}
Event: 3.855 GC heap before
{Heap before GC invocations=19 (full 0):
 PSYoungGen      total 13312K, used 13232K [0x00000000eb980000, 0x00000000ec800000, 0x0000000100000000)
  eden space 11776K, 100% used [0x00000000eb980000,0x00000000ec500000,0x00000000ec500000)
  from space 1536K, 94% used [0x00000000ec680000,0x00000000ec7ec090,0x00000000ec800000)
  to   space 1536K, 0% used [0x00000000ec500000,0x00000000ec500000,0x00000000ec680000)
 ParOldGen       total 61952K, used 3103K [0x00000000c2c00000, 0x00000000c6880000, 0x00000000eb980000)
  object space 61952K, 5% used [0x00000000c2c00000,0x00000000c2f07d90,0x00000000c6880000)
 Metaspace       used 11068K, capacity 11344K, committed 11520K, reserved 1058816K
  class space    used 1374K, capacity 1480K, committed 1536K, reserved 1048576K
Event: 3.857 GC heap after
Heap after GC invocations=19 (full 0):
 PSYoungGen      total 13312K, used 1507K [0x00000000eb980000, 0x00000000ec800000, 0x0000000100000000)
  eden space 11776K, 0% used [0x00000000eb980000,0x00000000eb980000,0x00000000ec500000)
  from space 1536K, 98% used [0x00000000ec500000,0x00000000ec678d00,0x00000000ec680000)
  to   space 1536K, 0% used [0x00000000ec680000,0x00000000ec680000,0x00000000ec800000)
 ParOldGen       total 61952K, used 3610K [0x00000000c2c00000, 0x00000000c6880000, 0x00000000eb980000)
  object space 61952K, 5% used [0x00000000c2c00000,0x00000000c2f86810,0x00000000c6880000)
 Metaspace       used 11068K, capacity 11344K, committed 11520K, reserved 1058816K
  class space    used 1374K, capacity 1480K, committed 1536K, reserved 1048576K
}
Event: 4.185 GC heap before
{Heap before GC invocations=20 (full 0):
 PSYoungGen      total 13312K, used 13283K [0x00000000eb980000, 0x00000000ec800000, 0x0000000100000000)
  eden space 11776K, 100% used [0x00000000eb980000,0x00000000ec500000,0x00000000ec500000)
  from space 1536K, 98% used [0x00000000ec500000,0x00000000ec678d00,0x00000000ec680000)
  to   space 1536K, 0% used [0x00000000ec680000,0x00000000ec680000,0x00000000ec800000)
 ParOldGen       total 61952K, used 3610K [0x00000000c2c00000, 0x00000000c6880000, 0x00000000eb980000)
  object space 61952K, 5% used [0x00000000c2c00000,0x00000000c2f86810,0x00000000c6880000)
 Metaspace       used 12217K, capacity 12410K, committed 12672K, reserved 1060864K
  class space    used 1540K, capacity 1641K, committed 1664K, reserved 1048576K
Event: 4.187 GC heap after
Heap after GC invocations=20 (full 0):
 PSYoungGen      total 12288K, used 1524K [0x00000000eb980000, 0x00000000ec980000, 0x0000000100000000)
  eden space 10752K, 0% used [0x00000000eb980000,0x00000000eb980000,0x00000000ec400000)
  from space 1536K, 99% used [0x00000000ec680000,0x00000000ec7fd3c0,0x00000000ec800000)
  to   space 2560K, 0% used [0x00000000ec400000,0x00000000ec400000,0x00000000ec680000)
 ParOldGen       total 61952K, used 4320K [0x00000000c2c00000, 0x00000000c6880000, 0x00000000eb980000)
  object space 61952K, 6% used [0x00000000c2c00000,0x00000000c3038290,0x00000000c6880000)
 Metaspace       used 12217K, capacity 12410K, committed 12672K, reserved 1060864K
  class space    used 1540K, capacity 1641K, committed 1664K, reserved 1048576K
}

Deoptimization events (9 events):
Event: 3.564 Thread 0x0000000002bc0800 Uncommon trap: reason=class_check action=maybe_recompile pc=0x0000000003006bdc method=java.util.HashMap.putVal(ILjava/lang/Object;Ljava/lang/Object;ZZ)Ljava/lang/Object; @ 203
Event: 3.601 Thread 0x0000000002bc0800 Uncommon trap: reason=range_check action=make_not_entrant pc=0x0000000002fc52a0 method=sun.reflect.generics.parser.SignatureParser.current()C @ 34
Event: 3.629 Thread 0x0000000002bc0800 Uncommon trap: reason=class_check action=maybe_recompile pc=0x000000000300ec90 method=java.util.HashMap.putVal(ILjava/lang/Object;Ljava/lang/Object;ZZ)Ljava/lang/Object; @ 203
Event: 4.199 Thread 0x0000000002bc0800 Uncommon trap: reason=class_check action=maybe_recompile pc=0x000000000300ec90 method=java.util.HashMap.putVal(ILjava/lang/Object;Ljava/lang/Object;ZZ)Ljava/lang/Object; @ 203
Event: 4.199 Thread 0x0000000002bc0800 Uncommon trap: reason=class_check action=maybe_recompile pc=0x000000000300ec90 method=java.util.HashMap.putVal(ILjava/lang/Object;Ljava/lang/Object;ZZ)Ljava/lang/Object; @ 203
Event: 4.276 Thread 0x0000000002bc0800 Uncommon trap: reason=bimorphic action=maybe_recompile pc=0x0000000003105b58 method=java.util.HashMap.putVal(ILjava/lang/Object;Ljava/lang/Object;ZZ)Ljava/lang/Object; @ 203
Event: 4.276 Thread 0x0000000002bc0800 Uncommon trap: reason=bimorphic action=maybe_recompile pc=0x0000000003105b58 method=java.util.HashMap.putVal(ILjava/lang/Object;Ljava/lang/Object;ZZ)Ljava/lang/Object; @ 203
Event: 4.276 Thread 0x0000000002bc0800 Uncommon trap: reason=bimorphic action=maybe_recompile pc=0x0000000003105b58 method=java.util.HashMap.putVal(ILjava/lang/Object;Ljava/lang/Object;ZZ)Ljava/lang/Object; @ 203
Event: 4.276 Thread 0x0000000002bc0800 Uncommon trap: reason=bimorphic action=maybe_recompile pc=0x0000000003105b58 method=java.util.HashMap.putVal(ILjava/lang/Object;Ljava/lang/Object;ZZ)Ljava/lang/Object; @ 203

Internal exceptions (10 events):
Event: 4.325 Thread 0x0000000002bc0800 Exception <a 'java/security/PrivilegedActionException'> (0x00000000ec191690) thrown at [D:\re\workspace\8-2-build-windows-amd64-cygwin\jdk8u5\2488\hotspot\src\share\vm\prims\jvm.cpp, line 1248]
Event: 4.325 Thread 0x0000000002bc0800 Exception <a 'java/security/PrivilegedActionException'> (0x00000000ec192d20) thrown at [D:\re\workspace\8-2-build-windows-amd64-cygwin\jdk8u5\2488\hotspot\src\share\vm\prims\jvm.cpp, line 1248]
Event: 4.325 Thread 0x0000000002bc0800 Exception <a 'java/security/PrivilegedActionException'> (0x00000000ec19b868) thrown at [D:\re\workspace\8-2-build-windows-amd64-cygwin\jdk8u5\2488\hotspot\src\share\vm\prims\jvm.cpp, line 1248]
Event: 4.325 Thread 0x0000000002bc0800 Exception <a 'java/security/PrivilegedActionException'> (0x00000000ec19d218) thrown at [D:\re\workspace\8-2-build-windows-amd64-cygwin\jdk8u5\2488\hotspot\src\share\vm\prims\jvm.cpp, line 1248]
Event: 4.328 Thread 0x0000000002bc0800 Exception <a 'java/security/PrivilegedActionException'> (0x00000000ec1c2758) thrown at [D:\re\workspace\8-2-build-windows-amd64-cygwin\jdk8u5\2488\hotspot\src\share\vm\prims\jvm.cpp, line 1248]
Event: 4.328 Thread 0x0000000002bc0800 Exception <a 'java/security/PrivilegedActionException'> (0x00000000ec1c3a28) thrown at [D:\re\workspace\8-2-build-windows-amd64-cygwin\jdk8u5\2488\hotspot\src\share\vm\prims\jvm.cpp, line 1248]
Event: 4.330 Thread 0x0000000002bc0800 Exception <a 'java/security/PrivilegedActionException'> (0x00000000ec1f4958) thrown at [D:\re\workspace\8-2-build-windows-amd64-cygwin\jdk8u5\2488\hotspot\src\share\vm\prims\jvm.cpp, line 1248]
Event: 4.331 Thread 0x0000000002bc0800 Exception <a 'java/security/PrivilegedActionException'> (0x00000000ec1f5c38) thrown at [D:\re\workspace\8-2-build-windows-amd64-cygwin\jdk8u5\2488\hotspot\src\share\vm\prims\jvm.cpp, line 1248]
Event: 4.334 Thread 0x0000000002bc0800 Exception <a 'java/security/PrivilegedActionException'> (0x00000000ec22be10) thrown at [D:\re\workspace\8-2-build-windows-amd64-cygwin\jdk8u5\2488\hotspot\src\share\vm\prims\jvm.cpp, line 1248]
Event: 4.334 Thread 0x0000000002bc0800 Exception <a 'java/security/PrivilegedActionException'> (0x00000000ec22d150) thrown at [D:\re\workspace\8-2-build-windows-amd64-cygwin\jdk8u5\2488\hotspot\src\share\vm\prims\jvm.cpp, line 1248]

Events (10 events):
Event: 4.330 loading class org/apache/maven/plugin/CompoundMojoExecutionListener done
Event: 4.334 loading class org/sonatype/plexus/components/sec/dispatcher/PasswordDecryptor
Event: 4.334 loading class org/sonatype/plexus/components/sec/dispatcher/PasswordDecryptor done
Event: 4.334 loading class java/util/regex/Pattern$Ques
Event: 4.334 loading class java/util/regex/Pattern$Ques done
Event: 4.334 loading class java/security/Key
Event: 4.334 loading class java/security/Key done
Event: 4.334 loading class java/security/spec/AlgorithmParameterSpec
Event: 4.334 loading class java/security/spec/AlgorithmParameterSpec done
Event: 4.334 loading class sun/security/provider/SHA2$SHA256


Dynamic libraries:
0x00007ff759ef0000 - 0x00007ff759f24000 	C:\Program Files\Java\jdk1.8.0_05\bin\javaw.exe
0x00007ff9388e0000 - 0x00007ff938ad0000 	C:\WINDOWS\SYSTEM32\ntdll.dll
0x00007ff937180000 - 0x00007ff937232000 	C:\WINDOWS\System32\KERNEL32.DLL
0x00007ff9361d0000 - 0x00007ff936474000 	C:\WINDOWS\System32\KERNELBASE.dll
0x00007ff936c50000 - 0x00007ff936cf3000 	C:\WINDOWS\System32\ADVAPI32.dll
0x00007ff937c70000 - 0x00007ff937d0e000 	C:\WINDOWS\System32\msvcrt.dll
0x00007ff9373a0000 - 0x00007ff937437000 	C:\WINDOWS\System32\sechost.dll
0x00007ff937aa0000 - 0x00007ff937bc0000 	C:\WINDOWS\System32\RPCRT4.dll
0x00007ff936fe0000 - 0x00007ff937175000 	C:\WINDOWS\System32\USER32.dll
0x00007ff9358c0000 - 0x00007ff9358e1000 	C:\WINDOWS\System32\win32u.dll
0x00007ff936fb0000 - 0x00007ff936fd6000 	C:\WINDOWS\System32\GDI32.dll
0x00007ff936680000 - 0x00007ff936816000 	C:\WINDOWS\System32\gdi32full.dll
0x00007ff936820000 - 0x00007ff9368be000 	C:\WINDOWS\System32\msvcp_win.dll
0x00007ff936550000 - 0x00007ff93664a000 	C:\WINDOWS\System32\ucrtbase.dll
0x00007ff927020000 - 0x00007ff9272a4000 	C:\WINDOWS\WinSxS\amd64_microsoft.windows.common-controls_6595b64144ccf1df_6.0.18362.1016_none_9e7a36bbe461dae4\COMCTL32.dll
0x00007ff9384f0000 - 0x00007ff938825000 	C:\WINDOWS\System32\combase.dll
0x00007ff9368c0000 - 0x00007ff936940000 	C:\WINDOWS\System32\bcryptPrimitives.dll
0x00007ff936990000 - 0x00007ff9369be000 	C:\WINDOWS\System32\IMM32.DLL
0x0000000058130000 - 0x0000000058202000 	C:\Program Files\Java\jdk1.8.0_05\jre\bin\msvcr100.dll
0x0000000057900000 - 0x000000005812a000 	C:\Program Files\Java\jdk1.8.0_05\jre\bin\server\jvm.dll
0x00007ff9384e0000 - 0x00007ff9384e8000 	C:\WINDOWS\System32\PSAPI.DLL
0x00007ff928770000 - 0x00007ff928779000 	C:\WINDOWS\SYSTEM32\WSOCK32.dll
0x00007ff9323a0000 - 0x00007ff9323c4000 	C:\WINDOWS\SYSTEM32\WINMM.dll
0x00007ff938830000 - 0x00007ff93889f000 	C:\WINDOWS\System32\WS2_32.dll
0x00007ff932370000 - 0x00007ff93239d000 	C:\WINDOWS\SYSTEM32\WINMMBASE.dll
0x00007ff936940000 - 0x00007ff93698a000 	C:\WINDOWS\System32\cfgmgr32.dll
0x00000000578f0000 - 0x00000000578ff000 	C:\Program Files\Java\jdk1.8.0_05\jre\bin\verify.dll
0x00000000578c0000 - 0x00000000578e8000 	C:\Program Files\Java\jdk1.8.0_05\jre\bin\java.dll
0x00000000578a0000 - 0x00000000578b6000 	C:\Program Files\Java\jdk1.8.0_05\jre\bin\zip.dll
0x00007ff937d10000 - 0x00007ff9383f7000 	C:\WINDOWS\System32\SHELL32.dll
0x00007ff937bc0000 - 0x00007ff937c69000 	C:\WINDOWS\System32\shcore.dll
0x00007ff9358f0000 - 0x00007ff936072000 	C:\WINDOWS\System32\windows.storage.dll
0x00007ff9357a0000 - 0x00007ff9357c3000 	C:\WINDOWS\System32\profapi.dll
0x00007ff9357f0000 - 0x00007ff93583a000 	C:\WINDOWS\System32\powrprof.dll
0x00007ff935790000 - 0x00007ff9357a0000 	C:\WINDOWS\System32\UMPDC.dll
0x00007ff936f50000 - 0x00007ff936fa2000 	C:\WINDOWS\System32\shlwapi.dll
0x00007ff935840000 - 0x00007ff935851000 	C:\WINDOWS\System32\kernel.appcore.dll
0x00007ff936480000 - 0x00007ff936497000 	C:\WINDOWS\System32\cryptsp.dll
0x00007ff934b00000 - 0x00007ff934b33000 	C:\WINDOWS\system32\rsaenh.dll
0x00007ff936650000 - 0x00007ff936676000 	C:\WINDOWS\System32\bcrypt.dll
0x00007ff9356b0000 - 0x00007ff9356d5000 	C:\WINDOWS\SYSTEM32\USERENV.dll
0x00007ff9351c0000 - 0x00007ff9351cc000 	C:\WINDOWS\SYSTEM32\CRYPTBASE.dll
0x0000000057880000 - 0x000000005789a000 	C:\Program Files\Java\jdk1.8.0_05\jre\bin\net.dll
0x00007ff934ff0000 - 0x00007ff935057000 	C:\WINDOWS\system32\mswsock.dll
0x00007ff934d00000 - 0x00007ff934d3a000 	C:\WINDOWS\SYSTEM32\IPHLPAPI.DLL
0x00007ff936a90000 - 0x00007ff936a98000 	C:\WINDOWS\System32\NSI.dll
0x00007ff92ed80000 - 0x00007ff92ed96000 	C:\WINDOWS\SYSTEM32\dhcpcsvc6.DLL
0x00007ff92f040000 - 0x00007ff92f05c000 	C:\WINDOWS\SYSTEM32\dhcpcsvc.DLL
0x00007ff934d40000 - 0x00007ff934e0b000 	C:\WINDOWS\SYSTEM32\DNSAPI.dll
0x0000000057860000 - 0x0000000057871000 	C:\Program Files\Java\jdk1.8.0_05\jre\bin\nio.dll
0x00007ff931d90000 - 0x00007ff931d9a000 	C:\Users\HP\AppData\Local\Temp\jansi-1.17.1-5942214795527793362.dll
0x00007ff92e5f0000 - 0x00007ff92e5fa000 	C:\Users\HP\AppData\Local\Temp\jansi-1.17.1-5809960528571206560.dll
0x00007ff9284a0000 - 0x00007ff928694000 	C:\WINDOWS\SYSTEM32\dbghelp.dll

VM Arguments:
jvm_args: -Dmaven.home=EMBEDDED -Dclassworlds.conf=G:\CNAPS_PROJECT\.metadata\.plugins\org.eclipse.m2e.launching\launches\m2conf4000591147434806745.tmp -Dmaven.multiModuleProjectDirectory=C:\Users\HP\Downloads\Compressed\Logistique\Logistique\LOG-Garage -Dfile.encoding=Cp1252 
java_command: org.codehaus.plexus.classworlds.launcher.Launcher -B -Dmaven.test.skip=true -DskipTests clean package
java_class_path (initial): C:\Users\HP\.p2\pool\plugins\org.eclipse.m2e.maven.runtime_1.12.0.20190529-1915\jars\plexus-classworlds-2.6.0.jar
Launcher Type: SUN_STANDARD

Environment Variables:
JAVA_HOME=C:\Program Files\Java\jdk1.8.0_05
PATH=C:/Program Files/Java/jre1.8.0_261/bin/server;C:/Program Files/Java/jre1.8.0_261/bin;C:/Program Files/Java/jre1.8.0_261/lib/amd64;C:\ProgramData\Oracle\Java\javapath;C:\Program Files (x86)\Common Files\Oracle\Java\javapath;H:\oracle\BIToolsHome_1\bin;H:\oracle\BIToolsHome_1\jlib;H:\oracle\BIToolsHome_1\jre\1.4.2\bin\client;H:\oracle\BIToolsHome_1\jre\1.4.2\bin;C:\WINDOWS\system32;C:\WINDOWS;C:\WINDOWS\System32\Wbem;C:\WINDOWS\System32\WindowsPowerShell\v1.0\;C:\WINDOWS\System32\OpenSSH\;C:\Program Files\Java\jdk1.8.0_05\bin;C:\Program Files\nodejs\;C:\Users\HP\AppData\Local\Microsoft\WindowsApps;C:\Program Files\Java\jdk1.8.0_05\bin;C:\Users\HP\AppData\Roaming\npm;C:\Users\HP\AppData\Local\Programs\Microsoft VS Code\bin;C:\Users\HP\Desktop;
USERNAME=HP
OS=Windows_NT
PROCESSOR_IDENTIFIER=Intel64 Family 6 Model 158 Stepping 10, GenuineIntel



---------------  S Y S T E M  ---------------

OS: Windows 8.1 , 64 bit Build 9600 

CPU:total 6 (6 cores per cpu, 1 threads per core) family 6 model 158 stepping 10, cmov, cx8, fxsr, mmx, sse, sse2, sse3, ssse3, sse4.1, sse4.2, popcnt, avx, avx2, aes, clmul, erms, tsc, tscinvbit

Memory: 4k page, physical 4006240k(347444k free), swap 5644640k(304k free)

vm_info: Java HotSpot(TM) 64-Bit Server VM (25.5-b02) for windows-amd64 JRE (1.8.0_05-b13), built on Mar 18 2014 01:08:39 by "java_re" with MS VC++ 10.0 (VS2010)

time: Fri Sep 04 13:45:48 2020
elapsed time: 5 seconds

